app/build/intermediates/manifest_merge_blame_file/debug/manifest-merger-blame-debug-report.txt
1<?xml version="1.0" encoding="utf-8"?>
2<manifest xmlns:android="http://schemas.android.com/apk/res/android"
3    package="com.example.Esoftwarica"
4    android:versionCode="1"
5    android:versionName="1.0" >
6
7    <uses-sdk
8        android:minSdkVersion="19"
8-->src\main\AndroidManifest.xml
9        android:targetSdkVersion="29" />
9-->src\main\AndroidManifest.xml
10
11    <uses-permission android:name="android.permission.INTERNET" />
11-->src\main\AndroidManifest.xml:27:5-67
11-->src\main\AndroidManifest.xml:27:22-64
12
13    <application
13-->src\main\AndroidManifest.xml:5:5-25:19
14        android:allowBackup="true"
14-->src\main\AndroidManifest.xml:6:9-35
15        android:appComponentFactory="androidx.core.app.CoreComponentFactory"
15-->[androidx.core:core:1.1.0] AndroidManifest.xml:24:18-86
16        android:debuggable="true"
17        android:icon="@mipmap/ic_launcher"
17-->src\main\AndroidManifest.xml:7:9-43
18        android:label="@string/app_name"
18-->src\main\AndroidManifest.xml:8:9-41
19        android:roundIcon="@mipmap/ic_launcher_round"
19-->src\main\AndroidManifest.xml:9:9-54
20        android:supportsRtl="true"
20-->src\main\AndroidManifest.xml:10:9-35
21        android:theme="@style/AppTheme" >
21-->src\main\AndroidManifest.xml:11:9-40
22        <activity android:name="com.example.Esoftwarica.Login" >
22-->src\main\AndroidManifest.xml:12:9-19:20
22-->src\main\AndroidManifest.xml:12:19-63
23            <intent-filter>
23-->src\main\AndroidManifest.xml:13:13-17:29
24                <action android:name="android.intent.action.MAIN" />
24-->src\main\AndroidManifest.xml:14:17-69
24-->src\main\AndroidManifest.xml:14:25-66
25
26                <category android:name="android.intent.category.LAUNCHER" />
26-->src\main\AndroidManifest.xml:16:17-77
26-->src\main\AndroidManifest.xml:16:27-74
27            </intent-filter>
28        </activity>
29        <activity
29-->src\main\AndroidManifest.xml:20:9-24:20
30            android:name="com.example.Esoftwarica.MainActivity"
30-->src\main\AndroidManifest.xml:21:13-64
31            android:label="@string/app_name" >
31-->src\main\AndroidManifest.xml:22:13-45
32        </activity>
33
34        <provider
34-->[androidx.lifecycle:lifecycle-process:2.1.0] AndroidManifest.xml:23:9-27:43
35            android:name="androidx.lifecycle.ProcessLifecycleOwnerInitializer"
35-->[androidx.lifecycle:lifecycle-process:2.1.0] AndroidManifest.xml:24:13-79
36            android:authorities="com.example.Esoftwarica.lifecycle-process"
36-->[androidx.lifecycle:lifecycle-process:2.1.0] AndroidManifest.xml:25:13-69
37            android:exported="false"
37-->[androidx.lifecycle:lifecycle-process:2.1.0] AndroidManifest.xml:26:13-37
38            android:multiprocess="true" />
38-->[androidx.lifecycle:lifecycle-process:2.1.0] AndroidManifest.xml:27:13-40
39    </application>
40
41</manifest>